[master 3d52e64] Auto commit at 2024-08-10 14:57:41
 5 files changed, 18 insertions(+), 384 deletions(-)
 create mode 100644 auto_commit.log
To github.com:caotuanvu123/ob-btc-future.git
   eb2a722..3d52e64  master -> master
[master 0ac18f5] Auto commit at 2024-08-10 14:58:41
 2 files changed, 8 insertions(+), 1 deletion(-)
To github.com:caotuanvu123/ob-btc-future.git
   3d52e64..0ac18f5  master -> master
[master 615f13c] Auto commit at 2024-08-10 15:00:41
 1 file changed, 4 insertions(+)
To github.com:caotuanvu123/ob-btc-future.git
   0ac18f5..615f13c  master -> master
[master 6b8afc4] Auto commit at 2024-08-10 15:10:41
 6 files changed, 20 insertions(+)
To github.com:caotuanvu123/ob-btc-future.git
   615f13c..6b8afc4  master -> master
[master 62c25a1] Auto commit at 2024-08-10 15:20:41
 4 files changed, 14 insertions(+)
To github.com:caotuanvu123/ob-btc-future.git
   6b8afc4..62c25a1  master -> master
